<?xml version="1.0" encoding="UTF-8"?>
<testsuite xmlns:xsi="http://www.w3.org/2001/XMLSchema-instance" xsi:noNamespaceSchemaLocation="https://maven.apache.org/surefire/maven-surefire-plugin/xsd/surefire-test-report.xsd" version="3.0.2" name="OrchestrationBackend.Orchestration_Backend.Services.UserServiceTest" time="7.338" tests="10" errors="0" skipped="0" failures="0">
  <properties>
[...]
</properties>
  <testcase name="testGetAllUsers_WhenNoUsersExist" classname="OrchestrationBackend.Orchestration_Backend.Services.UserServiceTest" time="0.12">
    <system-out><![CDATA[2025-02-07T00:13:38.253+05:30  INFO 13176 --- [Orchestration-Backend] [           main] t.c.s.AnnotationConfigContextLoaderUtils : Could not detect default configuration classes for test class [OrchestrationBackend.Orchestration_Backend.Services.UserServiceTest]: UserServiceTest does not declare any static, non-private, non-final, nested classes annotated with @Configuration.
2025-02-07T00:13:38.431+05:30  INFO 13176 --- [Orchestration-Backend] [           main] .b.t.c.SpringBootTestContextBootstrapper : Found @SpringBootConfiguration OrchestrationBackend.Orchestration_Backend.OrchestrationBackendApplication for test class OrchestrationBackend.Orchestration_Backend.Services.UserServiceTest
]]></system-out>
  </testcase>
  <testcase name="testGetAllUsers_WhenUsersExist" classname="OrchestrationBackend.Orchestration_Backend.Services.UserServiceTest" time="0.035"/>
  <testcase name="testFindUserByIdOrSsn_WhenUserNotFound" classname="OrchestrationBackend.Orchestration_Backend.Services.UserServiceTest" time="0.052"/>
  <testcase name="testFindUserByIdOrSsn_ById" classname="OrchestrationBackend.Orchestration_Backend.Services.UserServiceTest" time="0.06"/>
  <testcase name="testGetUsersSortedByAge_Descending" classname="OrchestrationBackend.Orchestration_Backend.Services.UserServiceTest" time="0.044"/>
  <testcase name="testLoadUsersFromJson" classname="OrchestrationBackend.Orchestration_Backend.Services.UserServiceTest" time="1.838">
    <system-out><![CDATA[inside method
[User(id=1, firstName=Emily, lastName=, maidenName=Smith, age=28, gender=female, email=emily.johnson@x.dummyjson.com, phone=+81 965-431-3024, username=emilys, password=emilyspass, birthDate=1996-5-30, image=https://dummyjson.com/icon/emilys/128, bloodGroup=O-, height=193, weight=63, eyeColor=Green, hair=Hair(color=Brown, type=Curly), ip=42.48.100.32, address=Address(address=626 Main Street, city=Phoenix, state=Mississippi, stateCode=MS, postalCode=29112, coordinates=Coordinates(lat=-77.16213, lng=-92.08482), country=United States), macAddress=47:fa:41:18:ec:eb, university=University of Wisconsin--Madison, bank=Bank(cardExpire=03/26, cardNumber=9289760655481815, cardType=Elo, currency=CNY, iban=YPUXISOBI7TTHPK2BR3HAIXL), company=Company(department=Engineering, name=Dooley, Kozey and Cronin, title=Sales Manager, address=Address(address=263 Tenth Street, city=San Francisco, state=Wisconsin, stateCode=WI, postalCode=37657, coordinates=Coordinates(lat=71.81452, lng=-161.15027), country=United States)), ein=977-175, ssn=900-590-289, userAgent=Mozilla/5.0 (Macintosh; Intel Mac OS X 10_15_7) AppleWebKit/537.36 (KHTML, like Gecko) Chrome/96.0.4664.93 Safari/537.36, crypto=Crypto(coin=Bitcoin, wallet=0xb9fc2fe63b2a6c003f1c324c3bfa53259162181a, network=Ethereum (ERC20)), role=admin), User(id=2, firstName=Michael, lastName=Williams, maidenName=, age=35, gender=male, email=michael.williams@x.dummyjson.com, phone=+49 258-627-6644, username=michaelw, password=michaelwpass, birthDate=1989-8-10, image=https://dummyjson.com/icon/michaelw/128, bloodGroup=B+, height=186, weight=76, eyeColor=Red, hair=Hair(color=Green, type=Straight), ip=12.13.116.142, address=Address(address=385 Fifth Street, city=Houston, state=Alabama, stateCode=AL, postalCode=38807, coordinates=Coordinates(lat=22.815468, lng=115.60858), country=United States), macAddress=79:15:78:99:60:aa, university=Ohio State University, bank=Bank(cardExpire=02/27, cardNumber=6737807858721625, cardType=Elo, currency=SEK, iban=83IDT77FWYLCJVR8ISDACFH0), company=Company(department=Support, name=Spinka - Dickinson, title=Support Specialist, address=Address(address=395 Main Street, city=Los Angeles, state=New Hampshire, stateCode=NH, postalCode=73442, coordinates=Coordinates(lat=79.09833, lng=-119.62485), country=United States)), ein=912-602, ssn=108-953-962, userAgent=Mozilla/5.0 (Windows NT 10.0; Win64; x64) AppleWebKit/537.36 (KHTML, like Gecko) Edge/97.0.1072.76 Safari/537.36, crypto=Crypto(coin=Bitcoin, wallet=0xb9fc2fe63b2a6c003f1c324c3bfa53259162181a, network=Ethereum (ERC20)), role=admin), User(id=3, firstName=Sophia, lastName=Brown, maidenName=, age=42, gender=female, email=sophia.brown@x.dummyjson.com, phone=+81 210-652-2785, username=sophiab, password=sophiabpass, birthDate=1982-11-6, image=https://dummyjson.com/icon/sophiab/128, bloodGroup=O-, height=177, weight=52, eyeColor=Hazel, hair=Hair(color=White, type=Wavy), ip=214.225.51.195, address=Address(address=1642 Ninth Street, city=Washington, state=Alabama, stateCode=AL, postalCode=32822, coordinates=Coordinates(lat=45.289368, lng=46.832664), country=United States), macAddress=12:a3:d3:6f:5c:5b, university=Pepperdine University, bank=Bank(cardExpire=04/25, cardNumber=7795895470082859, cardType=Korean Express, currency=SEK, iban=90XYKT83LMM7AARZ8JN958JC), company=Company(department=Research and Development, name=Schiller - Zieme, title=Accountant, address=Address(address=1896 Washington Street, city=Dallas, state=Nevada, stateCode=NV, postalCode=88511, coordinates=Coordinates(lat=20.086742, lng=-34.577106), country=United States)), ein=963-113, ssn=638-461-822, userAgent=Mozilla/5.0 (Windows NT 10.0; Win64; x64) AppleWebKit/537.36 (KHTML, like Gecko) Chrome/96.0.4664.45 Safari/537.36, crypto=Crypto(coin=Bitcoin, wallet=0xb9fc2fe63b2a6c003f1c324c3bfa53259162181a, network=Ethereum (ERC20)), role=admin), User(id=4, firstName=James, lastName=Davis, maidenName=, age=45, gender=male, email=james.davis@x.dummyjson.com, phone=+49 614-958-9364, username=jamesd, password=jamesdpass, birthDate=1979-5-4, image=https://dummyjson.com/icon/jamesd/128, bloodGroup=AB+, height=193, weight=62, eyeColor=Amber, hair=Hair(color=Blonde, type=Straight), ip=101.118.131.66, address=Address(address=238 Jefferson Street, city=Seattle, state=Pennsylvania, stateCode=PA, postalCode=68354, coordinates=Coordinates(lat=16.782513, lng=-139.34723), country=United States), macAddress=10:7d:df:1f:97:58, university=University of Southern California, bank=Bank(cardExpire=05/29, cardNumber=5005519846254763, cardType=Mastercard, currency=INR, iban=7N7ZH1PJ8Q4WU1K965HQQR27), company=Company(department=Support, name=Pagac and Sons, title=Research Analyst, address=Address(address=1622 Lincoln Street, city=Fort Worth, state=Pennsylvania, stateCode=PA, postalCode=27768, coordinates=Coordinates(lat=54.91193, lng=-79.49833), country=United States)), ein=904-810, ssn=116-951-314, userAgent=Mozilla/5.0 (Macintosh; Intel Mac OS X 10_15_7) AppleWebKit/537.36 (KHTML, like Gecko) Chrome/97.0.4692.99 Safari/537.36, crypto=Crypto(coin=Bitcoin, wallet=0xb9fc2fe63b2a6c003f1c324c3bfa53259162181a, network=Ethereum (ERC20)), role=admin), User(id=5, firstName=Emma, lastName=Miller, maidenName=Johnson, age=30, gender=female, email=emma.miller@x.dummyjson.com, phone=+91 759-776-1614, username=emmaj, password=emmajpass, birthDate=1994-6-13, image=https://dummyjson.com/icon/emmaj/128, bloodGroup=AB-, height=192, weight=63, eyeColor=Green, hair=Hair(color=White, type=Straight), ip=224.126.22.183, address=Address(address=607 Fourth Street, city=Jacksonville, state=Colorado, stateCode=CO, postalCode=26593, coordinates=Coordinates(lat=0.505589, lng=-157.43282), country=United States), macAddress=32:b9:7e:8d:f5:e8, university=Northeastern University, bank=Bank(cardExpire=03/26, cardNumber=5772950119588627, cardType=American Express, currency=CAD, iban=TAVHURD845KVBTB8W81AQXRY), company=Company(department=Human Resources, name=Graham - Gulgowski, title=Quality Assurance Engineer, address=Address(address=1460 Sixth Street, city=San Antonio, state=Idaho, stateCode=ID, postalCode=21965, coordinates=Coordinates(lat=44.346546, lng=-26.9447), country=United States)), ein=403-505, ssn=526-210-885, userAgent=Mozilla/5.0 (Windows NT 10.0; Win64; x64; rv:97.0) Gecko/20100101 Firefox/97.0, crypto=Crypto(coin=Bitcoin, wallet=0xb9fc2fe63b2a6c003f1c324c3bfa53259162181a, network=Ethereum (ERC20)), role=admin), User(id=6, firstName=Olivia, lastName=Wilson, maidenName=, age=22, gender=female, email=olivia.wilson@x.dummyjson.com, phone=+91 607-295-6448, username=oliviaw, password=oliviawpass, birthDate=2002-4-20, image=https://dummyjson.com/icon/oliviaw/128, bloodGroup=B+, height=182, weight=58, eyeColor=Hazel, hair=Hair(color=Gray, type=Curly), ip=249.178.112.207, address=Address(address=547 First Street, city=Fort Worth, state=Tennessee, stateCode=TN, postalCode=83843, coordinates=Coordinates(lat=75.32627, lng=-26.15285), country=United States), macAddress=9c:7f:ea:34:18:19, university=University of North Carolina--Chapel Hill, bank=Bank(cardExpire=05/28, cardNumber=6771923832947881, cardType=Diners Club International, currency=BRL, iban=V6H0O5OE3Q4JVKWDTYWZABMD), company=Company(department=Product Management, name=Pfannerstill Inc, title=Research Analyst, address=Address(address=425 Sixth Street, city=Indianapolis, state=Oklahoma, stateCode=OK, postalCode=74263, coordinates=Coordinates(lat=74.98664, lng=-132.91689), country=United States)), ein=921-709, ssn=836-772-168, userAgent=Mozilla/5.0 (Macintosh; Intel Mac OS X 10_15_7) AppleWebKit/605.1.15 (KHTML, like Gecko) Version/15.3 Safari/605.1.15, crypto=Crypto(coin=Bitcoin, wallet=0xb9fc2fe63b2a6c003f1c324c3bfa53259162181a, network=Ethereum (ERC20)), role=moderator), User(id=7, firstName=Alexander, lastName=Jones, maidenName=, age=38, gender=male, email=alexander.jones@x.dummyjson.com, phone=+61 260-824-4986, username=alexanderj, password=alexanderjpass, birthDate=1986-10-20, image=https://dummyjson.com/icon/alexanderj/128, bloodGroup=AB-, height=153, weight=77, eyeColor=Blue, hair=Hair(color=White, type=Straight), ip=166.204.84.32, address=Address(address=664 Maple Street, city=Indianapolis, state=Delaware, stateCode=DE, postalCode=86684, coordinates=Coordinates(lat=35.289665, lng=7.063255), country=United States), macAddress=d2:64:58:2d:1c:46, university=University of Illinois--Urbana-Champaign, bank=Bank(cardExpire=05/25, cardNumber=7344951706130140, cardType=JCB, currency=EUR, iban=49V4GVDVMP0MHIDD4VXMQ3A2), company=Company(department=Engineering, name=Dickens - Beahan, title=Web Developer, address=Address(address=996 Eighth Street, city=Washington, state=Kansas, stateCode=KS, postalCode=27858, coordinates=Coordinates(lat=-75.462364, lng=-128.0257), country=United States)), ein=638-127, ssn=722-993-925, userAgent=Mozilla/5.0 (Macintosh; Intel Mac OS X 10_15_7) AppleWebKit/537.36 (KHTML, like Gecko) Chrome/95.0.4638.69 Safari/537.36, crypto=Crypto(coin=Bitcoin, wallet=0xb9fc2fe63b2a6c003f1c324c3bfa53259162181a, network=Ethereum (ERC20)), role=moderator), User(id=8, firstName=Ava, lastName=Taylor, maidenName=, age=27, gender=female, email=ava.taylor@x.dummyjson.com, phone=+1 458-853-7877, username=avat, password=avatpass, birthDate=1997-8-25, image=https://dummyjson.com/icon/avat/128, bloodGroup=AB-, height=168, weight=57, eyeColor=Hazel, hair=Hair(color=Red, type=Kinky), ip=150.73.197.233, address=Address(address=1197 First Street, city=Fort Worth, state=Rhode Island, stateCode=RI, postalCode=24771, coordinates=Coordinates(lat=-81.19483, lng=-87.94816), country=United States), macAddress=8d:2e:c2:d6:e7:a8, university=University of Wisconsin--Madison, bank=Bank(cardExpire=01/29, cardNumber=6412128967460199, cardType=Maestro, currency=CNY, iban=TS66YQ8R16OX7IJKLUONDQHP), company=Company(department=Marketing, name=Nikolaus Inc, title=Chief Executive Officer, address=Address(address=930 Lincoln Street, city=Austin, state=Colorado, stateCode=CO, postalCode=47592, coordinates=Coordinates(lat=87.970085, lng=-42.769352), country=United States)), ein=297-762, ssn=257-419-109, userAgent=Mozilla/5.0 (Windows NT 10.0; Win64; x64) AppleWebKit/537.36 (KHTML, like Gecko) Chrome/96.0.4664.45 Safari/537.36, crypto=Crypto(coin=Bitcoin, wallet=0xb9fc2fe63b2a6c003f1c324c3bfa53259162181a, network=Ethereum (ERC20)), role=moderator), User(id=9, firstName=Ethan, lastName=Martinez, maidenName=, age=33, gender=male, email=ethan.martinez@x.dummyjson.com, phone=+92 933-608-5081, username=ethanm, password=ethanmpass, birthDate=1991-2-12, image=https://dummyjson.com/icon/ethanm/128, bloodGroup=AB+, height=159, weight=68, eyeColor=Hazel, hair=Hair(color=Purple, type=Curly), ip=63.191.127.71, address=Address(address=466 Pine Street, city=San Antonio, state=Louisiana, stateCode=LA, postalCode=72360, coordinates=Coordinates(lat=74.07492, lng=-25.312702), country=United States), macAddress=59:e:9e:e3:29:da, university=Syracuse University, bank=Bank(cardExpire=02/25, cardNumber=7183482484317509, cardType=Visa, currency=CAD, iban=CW5U5KS23U7JYD22TVQL7SIH), company=Company(department=Support, name=Gorczany - Gottlieb, title=Legal Counsel, address=Address(address=1597 Oak Street, city=Chicago, state=Florida, stateCode=FL, postalCode=28100, coordinates=Coordinates(lat=-67.45208, lng=-23.209887), country=United States)), ein=790-434, ssn=569-650-348, userAgent=Mozilla/5.0 (Windows NT 10.0; Win64; x64) AppleWebKit/537.36 (KHTML, like Gecko) Chrome/95.0.4638.69 Safari/537.36, crypto=Crypto(coin=Bitcoin, wallet=0xb9fc2fe63b2a6c003f1c324c3bfa53259162181a, network=Ethereum (ERC20)), role=moderator), User(id=10, firstName=Isabella, lastName=Anderson, maidenName=Davis, age=31, gender=female, email=isabella.anderson@x.dummyjson.com, phone=+49 770-658-4885, username=isabellad, password=isabelladpass, birthDate=1993-6-10, image=https://dummyjson.com/icon/isabellad/128, bloodGroup=A-, height=150, weight=50, eyeColor=Brown, hair=Hair(color=Blonde, type=Curly), ip=114.9.114.205, address=Address(address=1964 Oak Street, city=New York, state=Utah, stateCode=UT, postalCode=89352, coordinates=Coordinates(lat=41.331326, lng=151.78273), country=United States), macAddress=b1:b0:d0:a2:82:80, university=California Institute of Technology (Caltech), bank=Bank(cardExpire=05/27, cardNumber=6118714010128731, cardType=NPS, currency=CNY, iban=GBZRGDMKUOTO34HBCI7A986J), company=Company(department=Marketing, name=Pollich - Hilpert, title=Chief Financial Officer, address=Address(address=1029 Adams Street, city=San Diego, state=Maryland, stateCode=MD, postalCode=63847, coordinates=Coordinates(lat=-25.843393, lng=-62.69268), country=United States)), ein=127-297, ssn=902-438-728, userAgent=Mozilla/5.0 (Macintosh; Intel Mac OS X 10_15_7) AppleWebKit/537.36 (KHTML, like Gecko) Chrome/96.0.4664.93 Safari/537.36, crypto=Crypto(coin=Bitcoin, wallet=0xb9fc2fe63b2a6c003f1c324c3bfa53259162181a, network=Ethereum (ERC20)), role=moderator), User(id=11, firstName=Liam, lastName=Garcia, maidenName=, age=29, gender=male, email=liam.garcia@x.dummyjson.com, phone=+92 870-217-6201, username=liamg, password=liamgpass, birthDate=1995-6-6, image=https://dummyjson.com/icon/liamg/128, bloodGroup=AB-, height=162, weight=93, eyeColor=Violet, hair=Hair(color=Red, type=Wavy), ip=56.201.85.9, address=Address(address=576 Fifth Street, city=Denver, state=South Dakota, stateCode=SD, postalCode=57252, coordinates=Coordinates(lat=-66.21818, lng=-145.34016), country=United States), macAddress=31:9a:28:8b:99:6c, university=Ohio State University, bank=Bank(cardExpire=02/27, cardNumber=2302893002194899, cardType=Discover, currency=GBP, iban=O8ENPRB9UVBL2EFZ7601KC09), company=Company(department=Services, name=Considine - Torp, title=Web Developer, address=Address(address=27 Cedar Street, city=Philadelphia, state=Connecticut, stateCode=CT, postalCode=79574, coordinates=Coordinates(lat=-81.84159, lng=31.79423), country=United States)), ein=326-604, ssn=933-784-949, userAgent=Mozilla/5.0 (Macintosh; Intel Mac OS X 10_15_7) AppleWebKit/537.36 (KHTML, like Gecko) Chrome/97.0.4692.99 Safari/537.36, crypto=Crypto(coin=Bitcoin, wallet=0xb9fc2fe63b2a6c003f1c324c3bfa53259162181a, network=Ethereum (ERC20)), role=moderator), User(id=12, firstName=Mia, lastName=Rodriguez, maidenName=, age=24, gender=female, email=mia.rodriguez@x.dummyjson.com, phone=+49 989-461-8403, username=miar, password=miarpass, birthDate=2000-8-4, image=https://dummyjson.com/icon/miar/128, bloodGroup=O-, height=188, weight=56, eyeColor=Blue, hair=Hair(color=Purple, type=Wavy), ip=11.72.253.90, address=Address(address=1627 Sixth Street, city=Jacksonville, state=West Virginia, stateCode=WV, postalCode=41810, coordinates=Coordinates(lat=24.857496, lng=-34.86543), country=United States), macAddress=53:d7:a4:6:1e:58, university=William & Mary, bank=Bank(cardExpire=05/26, cardNumber=1539872303456158, cardType=Carte Bancaire, currency=CAD, iban=EBMD95RLK8B82ZAZNXBJ09V5), company=Company(department=Accounting, name=Miller, Schowalter and Wisozk, title=Business Analyst, address=Address(address=1039 Washington Street, city=Philadelphia, state=New Jersey, stateCode=NJ, postalCode=57518, coordinates=Coordinates(lat=85.45593, lng=164.24611), country=United States)), ein=754-660, ssn=749-524-124, userAgent=Mozilla/5.0 (Macintosh; Intel Mac OS X 10_15_7) AppleWebKit/537.36 (KHTML, like Gecko) Chrome/95.0.4638.54 Safari/537.36, crypto=Crypto(coin=Bitcoin, wallet=0xb9fc2fe63b2a6c003f1c324c3bfa53259162181a, network=Ethereum (ERC20)), role=moderator), User(id=13, firstName=Noah, lastName=Hernandez, maidenName=, age=40, gender=male, email=noah.hernandez@x.dummyjson.com, phone=+49 393-605-6968, username=noahh, password=noahhpass, birthDate=1984-6-5, image=https://dummyjson.com/icon/noahh/128, bloodGroup=AB+, height=188, weight=69, eyeColor=Brown, hair=Hair(color=Red, type=Curly), ip=169.154.126.57, address=Address(address=1413 Maple Street, city=New York, state=North Dakota, stateCode=ND, postalCode=73696, coordinates=Coordinates(lat=-25.0377, lng=-151.7047), country=United States), macAddress=d4:fe:ae:8f:eb:a3, university=New York University (NYU), bank=Bank(cardExpire=05/26, cardNumber=1681772579326385, cardType=Discover, currency=SEK, iban=G4UIZKIQVPJM9D31XQVR1E9Z), company=Company(department=Engineering, name=Botsford, Marquardt and Roberts, title=Database Administrator, address=Address(address=62 Third Street, city=Seattle, state=Oregon, stateCode=OR, postalCode=83474, coordinates=Coordinates(lat=19.490446, lng=-13.173207), country=United States)), ein=877-628, ssn=660-847-389, userAgent=Mozilla/5.0 (Windows NT 10.0; Win64; x64) AppleWebKit/537.36 (KHTML, like Gecko) Chrome/95.0.4638.54 Safari/537.36, crypto=Crypto(coin=Bitcoin, wallet=0xb9fc2fe63b2a6c003f1c324c3bfa53259162181a, network=Ethereum (ERC20)), role=moderator), User(id=14, firstName=Charlotte, lastName=Lopez, maidenName=Martinez, age=36, gender=female, email=charlotte.lopez@x.dummyjson.com, phone=+44 373-953-5028, username=charlottem, password=charlottempass, birthDate=1988-6-8, image=https://dummyjson.com/icon/charlottem/128, bloodGroup=AB-, height=178, weight=82, eyeColor=Brown, hair=Hair(color=Gray, type=Kinky), ip=119.103.95.60, address=Address(address=208 Second Street, city=Columbus, state=Ohio, stateCode=OH, postalCode=42044, coordinates=Coordinates(lat=-44.443764, lng=-151.42056), country=United States), macAddress=f6:ff:37:aa:6c:f1, university=Northeastern University, bank=Bank(cardExpire=02/27, cardNumber=5675368650551956, cardType=Maestro, currency=CNY, iban=FKK6U634LGI3E7N517DLVVTL), company=Company(department=Accounting, name=Zulauf and Sons, title=Chief Executive Officer, address=Address(address=569 Jefferson Street, city=Los Angeles, state=Montana, stateCode=MT, postalCode=17779, coordinates=Coordinates(lat=-18.371256, lng=22.566257), country=United States)), ein=364-782, ssn=255-491-479, userAgent=Mozilla/5.0 (Windows NT 10.0; Win64; x64) AppleWebKit/537.36 (KHTML, like Gecko) Chrome/96.0.4664.45 Safari/537.36, crypto=Crypto(coin=Bitcoin, wallet=0xb9fc2fe63b2a6c003f1c324c3bfa53259162181a, network=Ethereum (ERC20)), role=moderator), User(id=15, firstName=William, lastName=Gonzalez, maidenName=, age=32, gender=male, email=william.gonzalez@x.dummyjson.com, phone=+81 905-252-7319, username=williamg, password=williamgpass, birthDate=1992-3-27, image=https://dummyjson.com/icon/williamg/128, bloodGroup=B-, height=173, weight=82, eyeColor=Hazel, hair=Hair(color=Gray, type=Curly), ip=250.2.241.204, address=Address(address=31 Maple Street, city=San Jose, state=Utah, stateCode=UT, postalCode=78243, coordinates=Coordinates(lat=8.152876, lng=113.29799), country=United States), macAddress=f5:68:28:f9:ec:89, university=Tufts University, bank=Bank(cardExpire=03/27, cardNumber=6053000793215148, cardType=Mir, currency=EUR, iban=AR01SNDMKGECX0EYH7UCW61W), company=Company(department=Marketing, name=Spinka - Dickinson, title=Software Architect, address=Address(address=1538 Eighth Street, city=San Jose, state=Missouri, stateCode=MO, postalCode=29673, coordinates=Coordinates(lat=24.169361, lng=-29.395166), country=United States)), ein=830-515, ssn=690-544-755, userAgent=Mozilla/5.0 (Macintosh; Intel Mac OS X 10_15_7) AppleWebKit/537.36 (KHTML, like Gecko) Chrome/96.0.4664.93 Safari/537.36, crypto=Crypto(coin=Bitcoin, wallet=0xb9fc2fe63b2a6c003f1c324c3bfa53259162181a, network=Ethereum (ERC20)), role=moderator), User(id=16, firstName=Avery, lastName=Perez, maidenName=, age=25, gender=female, email=avery.perez@x.dummyjson.com, phone=+61 731-431-3457, username=averyp, password=averyppass, birthDate=1999-3-10, image=https://dummyjson.com/icon/averyp/128, bloodGroup=O-, height=172, weight=93, eyeColor=Brown, hair=Hair(color=Green, type=Curly), ip=131.217.4.214, address=Address(address=1125 First Street, city=Columbus, state=Iowa, stateCode=IA, postalCode=30973, coordinates=Coordinates(lat=12.789127, lng=85.792595), country=United States), macAddress=b3:ff:f3:c5:37:46, university=Harvard University, bank=Bank(cardExpire=04/27, cardNumber=0961014686718571, cardType=Carte Bancaire, currency=USD, iban=28JYZAY4KYT48YI8QW40PWXR), company=Company(department=Accounting, name=Herzog Inc, title=Database Administrator, address=Address(address=183 Maple Street, city=New York, state=Rhode Island, stateCode=RI, postalCode=45238, coordinates=Coordinates(lat=-53.318188, lng=105.83527), country=United States)), ein=348-493, ssn=679-523-686, userAgent=Mozilla/5.0 (Macintosh; Intel Mac OS X 10_15_7) AppleWebKit/537.36 (KHTML, like Gecko) Chrome/95.0.4638.69 Safari/537.36, crypto=Crypto(coin=Bitcoin, wallet=0xb9fc2fe63b2a6c003f1c324c3bfa53259162181a, network=Ethereum (ERC20)), role=user), User(id=17, firstName=Evelyn, lastName=Sanchez, maidenName=, age=37, gender=female, email=evelyn.sanchez@x.dummyjson.com, phone=+1 623-880-6871, username=evelyns, password=evelynspass, birthDate=1987-10-13, image=https://dummyjson.com/icon/evelyns/128, bloodGroup=B+, height=184, weight=83, eyeColor=Violet, hair=Hair(color=Blue, type=Curly), ip=87.114.135.146, address=Address(address=1170 Lincoln Street, city=San Diego, state=Wyoming, stateCode=WY, postalCode=43423, coordinates=Coordinates(lat=-83.31484, lng=11.768071), country=United States), macAddress=f8:e5:bd:43:bc:d8, university=Washington University in St. Louis, bank=Bank(cardExpire=04/29, cardNumber=4557521697420096, cardType=UnionPay, currency=SEK, iban=KN8XAPR2J5UB8AKDI1EVJ56R), company=Company(department=Support, name=Predovic - Johns, title=Chief Financial Officer, address=Address(address=1802 Ninth Street, city=San Diego, state=Minnesota, stateCode=MN, postalCode=89416, coordinates=Coordinates(lat=29.034592, lng=-78.0046), country=United States)), ein=604-817, ssn=689-332-644, userAgent=Mozilla/5.0 (Macintosh; Intel Mac OS X 10_15_7) AppleWebKit/537.36 (KHTML, like Gecko) Chrome/96.0.4664.45 Safari/537.36, crypto=Crypto(coin=Bitcoin, wallet=0xb9fc2fe63b2a6c003f1c324c3bfa53259162181a, network=Ethereum (ERC20)), role=user), User(id=18, firstName=Logan, lastName=Torres, maidenName=, age=31, gender=male, email=logan.torres@x.dummyjson.com, phone=+81 507-434-8733, username=logant, password=logantpass, birthDate=1993-10-26, image=https://dummyjson.com/icon/logant/128, bloodGroup=A+, height=190, weight=72, eyeColor=Green, hair=Hair(color=Green, type=Curly), ip=155.98.15.162, address=Address(address=907 Seventh Street, city=Columbus, state=Arkansas, stateCode=AR, postalCode=78805, coordinates=Coordinates(lat=-64.84652, lng=174.77574), country=United States), macAddress=40:d:5c:1:7d:bf, university=University of Illinois--Urbana-Champaign, bank=Bank(cardExpire=05/26, cardNumber=7884268130452098, cardType=UnionPay, currency=NZD, iban=HZM7V9PYHPZBN72IDFPXGN8Q), company=Company(department=Training, name=Jast - Nader, title=Data Analyst, address=Address(address=947 Main Street, city=Denver, state=Minnesota, stateCode=MN, postalCode=71896, coordinates=Coordinates(lat=-24.654062, lng=-147.25526), country=United States)), ein=576-218, ssn=806-639-934, userAgent=Mozilla/5.0 (Macintosh; Intel Mac OS X 10_15_7) AppleWebKit/537.36 (KHTML, like Gecko) Chrome/96.0.4664.45 Safari/537.36, crypto=Crypto(coin=Bitcoin, wallet=0xb9fc2fe63b2a6c003f1c324c3bfa53259162181a, network=Ethereum (ERC20)), role=user), User(id=19, firstName=Abigail, lastName=Rivera, maidenName=, age=28, gender=female, email=abigail.rivera@x.dummyjson.com, phone=+91 228-363-7806, username=abigailr, password=abigailrpass, birthDate=1996-10-11, image=https://dummyjson.com/icon/abigailr/128, bloodGroup=B+, height=186, weight=74, eyeColor=Violet, hair=Hair(color=Blue, type=Kinky), ip=19.183.240.94, address=Address(address=996 Oak Street, city=Chicago, state=New Mexico, stateCode=NM, postalCode=11407, coordinates=Coordinates(lat=44.32131, lng=-3.723903), country=United States), macAddress=1d:a6:58:2a:e5:e4, university=California Institute of Technology (Caltech), bank=Bank(cardExpire=02/28, cardNumber=4832361886407551, cardType=RuPay, currency=BRL, iban=O02LHDNNFCVSM6D4H81DIQHE), company=Company(department=Human Resources, name=Prohaska - Thiel, title=Business Analyst, address=Address(address=1402 Adams Street, city=Austin, state=Wisconsin, stateCode=WI, postalCode=51456, coordinates=Coordinates(lat=25.672937, lng=-76.54967), country=United States)), ein=173-637, ssn=655-823-929, userAgent=Mozilla/5.0 (Windows NT 10.0; Win64; x64) AppleWebKit/537.36 (KHTML, like Gecko) Edge/97.0.1072.76 Safari/537.36, crypto=Crypto(coin=Bitcoin, wallet=0xb9fc2fe63b2a6c003f1c324c3bfa53259162181a, network=Ethereum (ERC20)), role=user), User(id=20, firstName=Jackson, lastName=Evans, maidenName=, age=34, gender=male, email=jackson.evans@x.dummyjson.com, phone=+44 468-628-6686, username=jacksone, password=jacksonepass, birthDate=1990-11-30, image=https://dummyjson.com/icon/jacksone/128, bloodGroup=O-, height=162, weight=74, eyeColor=Green, hair=Hair(color=Red, type=Straight), ip=221.127.144.198, address=Address(address=1873 Main Street, city=New York, state=Arkansas, stateCode=AR, postalCode=26600, coordinates=Coordinates(lat=34.72245, lng=63.44893), country=United States), macAddress=81:14:1:97:88:85, university=Ohio State University, bank=Bank(cardExpire=04/26, cardNumber=2109192842527801, cardType=BC Card, currency=EUR, iban=TX26FO9B7YR2VHYDSJBE32AX), company=Company(department=Legal, name=Kuhlman LLC, title=Web Developer, address=Address(address=1706 First Street, city=Chicago, state=Hawaii, stateCode=HI, postalCode=34725, coordinates=Coordinates(lat=-80.41694, lng=-83.22452), country=United States)), ein=843-260, ssn=248-787-886, userAgent=Mozilla/5.0 (Macintosh; Intel Mac OS X 10_15_7) AppleWebKit/537.36 (KHTML, like Gecko) Chrome/97.0.4692.99 Safari/537.36, crypto=Crypto(coin=Bitcoin, wallet=0xb9fc2fe63b2a6c003f1c324c3bfa53259162181a, network=Ethereum (ERC20)), role=user), User(id=21, firstName=Madison, lastName=Collins, maidenName=, age=26, gender=female, email=madison.collins@x.dummyjson.com, phone=+81 259-957-5711, username=madisonc, password=madisoncpass, birthDate=1998-3-7, image=https://dummyjson.com/icon/madisonc/128, bloodGroup=B-, height=189, weight=56, eyeColor=Red, hair=Hair(color=Gray, type=Curly), ip=85.34.1.204, address=Address(address=1892 Lincoln Street, city=Philadelphia, state=New Jersey, stateCode=NJ, postalCode=62091, coordinates=Coordinates(lat=52.993694, lng=160.4869), country=United States), macAddress=13:b0:d0:23:4d:26, university=University of Pennsylvania, bank=Bank(cardExpire=04/28, cardNumber=5549175461210252, cardType=Mir, currency=CNY, iban=Y0WSN5IED255808SIYBUOMWO), company=Company(department=Engineering, name=Mayer - Smitham, title=Chief Technology Officer, address=Address(address=1438 Main Street, city=San Diego, state=Delaware, stateCode=DE, postalCode=63144, coordinates=Coordinates(lat=1.629613, lng=23.232983), country=United States)), ein=716-166, ssn=457-258-950, userAgent=Mozilla/5.0 (Macintosh; Intel Mac OS X 10_15_7) AppleWebKit/537.36 (KHTML, like Gecko) Chrome/97.0.4692.99 Safari/537.36, crypto=Crypto(coin=Bitcoin, wallet=0xb9fc2fe63b2a6c003f1c324c3bfa53259162181a, network=Ethereum (ERC20)), role=user), User(id=22, firstName=Elijah, lastName=Stewart, maidenName=, age=33, gender=male, email=elijah.stewart@x.dummyjson.com, phone=+44 468-357-7872, username=elijahs, password=elijahspass, birthDate=1991-10-22, image=https://dummyjson.com/icon/elijahs/128, bloodGroup=A-, height=195, weight=81, eyeColor=Blue, hair=Hair(color=Purple, type=Straight), ip=23.87.135.62, address=Address(address=1701 Eighth Street, city=Columbus, state=Illinois, stateCode=IL, postalCode=31585, coordinates=Coordinates(lat=-54.833797, lng=-174.50403), country=United States), macAddress=75:17:c6:35:fc:6d, university=Georgetown University, bank=Bank(cardExpire=05/27, cardNumber=0798116671286564, cardType=JCB, currency=GBP, iban=E1XUHCC1N39WGU6XESSK1CAO), company=Company(department=Legal, name=Langworth Group, title=Business Analyst, address=Address(address=155 Ninth Street, city=Washington, state=South Dakota, stateCode=SD, postalCode=19039, coordinates=Coordinates(lat=61.279255, lng=-12.607767), country=United States)), ein=520-394, ssn=287-380-801, userAgent=Mozilla/5.0 (Macintosh; Intel Mac OS X 10_15_7) AppleWebKit/537.36 (KHTML, like Gecko) Chrome/96.0.4664.93 Safari/537.36, crypto=Crypto(coin=Bitcoin, wallet=0xb9fc2fe63b2a6c003f1c324c3bfa53259162181a, network=Ethereum (ERC20)), role=user), User(id=23, firstName=Chloe, lastName=Morales, maidenName=, age=39, gender=female, email=chloe.morales@x.dummyjson.com, phone=+92 468-541-7133, username=chloem, password=chloempass, birthDate=1985-4-21, image=https://dummyjson.com/icon/chloem/128, bloodGroup=O+, height=185, weight=63, eyeColor=Brown, hair=Hair(color=Red, type=Kinky), ip=66.78.20.21, address=Address(address=401 Fourth Street, city=Dallas, state=New Jersey, stateCode=NJ, postalCode=54972, coordinates=Coordinates(lat=-30.19076, lng=-58.70598), country=United States), macAddress=fc:f:29:e1:37:b8, university=Syracuse University, bank=Bank(cardExpire=05/28, cardNumber=3150496938377346, cardType=American Express, currency=PKR, iban=P7YLGOOBWBD1SRWDWSFO3PZ0), company=Company(department=Sales, name=Grady LLC, title=Database Administrator, address=Address(address=269 Third Street, city=Houston, state=North Carolina, stateCode=NC, postalCode=10385, coordinates=Coordinates(lat=40.098114, lng=-1.762972), country=United States)), ein=913-597, ssn=938-883-163, userAgent=Mozilla/5.0 (Windows NT 10.0; Win64; x64) AppleWebKit/537.36 (KHTML, like Gecko) Chrome/96.0.4664.93 Safari/537.36, crypto=Crypto(coin=Bitcoin, wallet=0xb9fc2fe63b2a6c003f1c324c3bfa53259162181a, network=Ethereum (ERC20)), role=user), User(id=24, firstName=Mateo, lastName=Nguyen, maidenName=, age=30, gender=male, email=mateo.nguyen@x.dummyjson.com, phone=+1 341-597-6694, username=mateon, password=mateonpass, birthDate=1994-6-2, image=https://dummyjson.com/icon/mateon/128, bloodGroup=O+, height=174, weight=59, eyeColor=Red, hair=Hair(color=Purple, type=Wavy), ip=192.57.144.7, address=Address(address=1578 Fourth Street, city=Columbus, state=Missouri, stateCode=MO, postalCode=20673, coordinates=Coordinates(lat=-32.828674, lng=-82.55736), country=United States), macAddress=a7:26:10:7a:36:29, university=Columbia University, bank=Bank(cardExpire=03/26, cardNumber=5545852224851851, cardType=JCB, currency=TRY, iban=WEBE9SBX588VFUCVCA6KFHWB), company=Company(department=Accounting, name=Spinka LLC, title=Business Analyst, address=Address(address=1967 Jefferson Street, city=Dallas, state=Louisiana, stateCode=LA, postalCode=78527, coordinates=Coordinates(lat=75.98267, lng=164.45975), country=United States)), ein=229-249, ssn=416-877-230, userAgent=Mozilla/5.0 (Windows NT 10.0; Win64; x64) AppleWebKit/537.36 (KHTML, like Gecko) Chrome/95.0.4638.69 Safari/537.36, crypto=Crypto(coin=Bitcoin, wallet=0xb9fc2fe63b2a6c003f1c324c3bfa53259162181a, network=Ethereum (ERC20)), role=user), User(id=25, firstName=Harper, lastName=Kelly, maidenName=Evans, age=27, gender=female, email=harper.kelly@x.dummyjson.com, phone=+92 518-863-2863, username=harpere, password=harperepass, birthDate=1997-3-3, image=https://dummyjson.com/icon/harpere/128, bloodGroup=AB-, height=184, weight=81, eyeColor=Amber, hair=Hair(color=Red, type=Curly), ip=174.111.61.162, address=Address(address=1591 Adams Street, city=Philadelphia, state=New York, stateCode=NY, postalCode=69521, coordinates=Coordinates(lat=-26.832912, lng=-75.445015), country=United States), macAddress=b:ff:33:67:94:e4, university=Boston College, bank=Bank(cardExpire=04/26, cardNumber=1298153007505587, cardType=RuPay, currency=JPY, iban=DJI19LCUNUHP6YSGPY52D5VG), company=Company(department=Legal, name=Leffler, Rolfson and Becker, title=Business Development Manager, address=Address(address=16 Maple Street, city=Austin, state=North Carolina, stateCode=NC, postalCode=68274, coordinates=Coordinates(lat=-15.423746, lng=149.29889), country=United States)), ein=592-557, ssn=209-544-548, userAgent=Mozilla/5.0 (Macintosh; Intel Mac OS X 10_15_7) AppleWebKit/537.36 (KHTML, like Gecko) Chrome/97.0.4692.99 Safari/537.36, crypto=Crypto(coin=Bitcoin, wallet=0xb9fc2fe63b2a6c003f1c324c3bfa53259162181a, network=Ethereum (ERC20)), role=user), User(id=26, firstName=Evelyn, lastName=Gonzalez, maidenName=, age=35, gender=female, email=evelyn.gonzalez@x.dummyjson.com, phone=+61 708-508-4638, username=evelyng, password=evelyngpass, birthDate=1989-2-5, image=https://dummyjson.com/icon/evelyng/128, bloodGroup=O+, height=168, weight=58, eyeColor=Red, hair=Hair(color=Black, type=Wavy), ip=42.52.74.232, address=Address(address=1065 Lincoln Street, city=Dallas, state=Maine, stateCode=ME, postalCode=84898, coordinates=Coordinates(lat=67.76836, lng=71.26865), country=United States), macAddress=89:5e:5a:2a:72:42, university=Washington University in St. Louis, bank=Bank(cardExpire=03/28, cardNumber=9584313788145560, cardType=RuPay, currency=INR, iban=X4UPULQG61VIGA97USY7AAEB), company=Company(department=Accounting, name=Tromp, Gaylord and Weber, title=Project Manager, address=Address(address=584 Ninth Street, city=Jacksonville, state=Wisconsin, stateCode=WI, postalCode=45633, coordinates=Coordinates(lat=26.01402, lng=40.572437), country=United States)), ein=569-275, ssn=487-680-127, userAgent=Mozilla/5.0 (Windows NT 10.0; Win64; x64) AppleWebKit/537.36 (KHTML, like Gecko) Chrome/95.0.4638.54 Safari/537.36, crypto=Crypto(coin=Bitcoin, wallet=0xb9fc2fe63b2a6c003f1c324c3bfa53259162181a, network=Ethereum (ERC20)), role=user), User(id=27, firstName=Daniel, lastName=Cook, maidenName=, age=41, gender=male, email=daniel.cook@x.dummyjson.com, phone=+44 254-761-6843, username=danielc, password=danielcpass, birthDate=1983-12-25, image=https://dummyjson.com/icon/danielc/128, bloodGroup=AB+, height=186, weight=83, eyeColor=Brown, hair=Hair(color=Blonde, type=Curly), ip=1.61.73.142, address=Address(address=1163 Pine Street, city=Los Angeles, state=Nevada, stateCode=NV, postalCode=58781, coordinates=Coordinates(lat=-3.456681, lng=-134.93748), country=United States), macAddress=6e:73:dc:3a:85:10, university=Columbia University, bank=Bank(cardExpire=01/26, cardNumber=8452555751345228, cardType=Korean Express, currency=NZD, iban=A8DBPECO4X6D09WYOVT8UZK8), company=Company(department=Support, name=Morissette, Baumbach and Auer, title=Legal Counsel, address=Address(address=938 Fifth Street, city=San Francisco, state=South Dakota, stateCode=SD, postalCode=45305, coordinates=Coordinates(lat=21.323587, lng=-83.531425), country=United States)), ein=585-905, ssn=645-515-583, userAgent=Mozilla/5.0 (Windows NT 10.0; Win64; x64; rv:97.0) Gecko/20100101 Firefox/97.0, crypto=Crypto(coin=Bitcoin, wallet=0xb9fc2fe63b2a6c003f1c324c3bfa53259162181a, network=Ethereum (ERC20)), role=user), User(id=28, firstName=Lily, lastName=Lee, maidenName=Brown, age=29, gender=female, email=lily.lee@x.dummyjson.com, phone=+1 808-757-9867, username=lilyb, password=lilybpass, birthDate=1995-12-3, image=https://dummyjson.com/icon/lilyb/128, bloodGroup=AB-, height=181, weight=51, eyeColor=Gray, hair=Hair(color=Purple, type=Straight), ip=67.184.255.96, address=Address(address=1946 Oak Street, city=Phoenix, state=Massachusetts, stateCode=MA, postalCode=41540, coordinates=Coordinates(lat=-9.87059, lng=-72.336845), country=United States), macAddress=18:b6:c7:a:50:3f, university=Johns Hopkins University, bank=Bank(cardExpire=05/29, cardNumber=2903637820228856, cardType=Visa, currency=JPY, iban=BKX6ZWB8UJZD09RFOWFPPD3C), company=Company(department=Product Management, name=Cremin Inc, title=Quality Assurance Engineer, address=Address(address=1735 Cedar Street, city=Phoenix, state=Wyoming, stateCode=WY, postalCode=85797, coordinates=Coordinates(lat=72.23144, lng=-158.14725), country=United States)), ein=229-776, ssn=358-185-671, userAgent=Mozilla/5.0 (Windows NT 10.0; Win64; x64) AppleWebKit/537.36 (KHTML, like Gecko) Edge/97.0.1072.76 Safari/537.36, crypto=Crypto(coin=Bitcoin, wallet=0xb9fc2fe63b2a6c003f1c324c3bfa53259162181a, network=Ethereum (ERC20)), role=user), User(id=29, firstName=Henry, lastName=Hill, maidenName=, age=38, gender=male, email=henry.hill@x.dummyjson.com, phone=+1 240-833-4680, username=henryh, password=henryhpass, birthDate=1986-8-19, image=https://dummyjson.com/icon/henryh/128, bloodGroup=O-, height=180, weight=95, eyeColor=Gray, hair=Hair(color=Black, type=Straight), ip=194.43.55.202, address=Address(address=1837 Maple Street, city=Indianapolis, state=Delaware, stateCode=DE, postalCode=81783, coordinates=Coordinates(lat=35.498257, lng=154.08847), country=United States), macAddress=fa:c3:1b:21:5f:44, university=University of Illinois--Urbana-Champaign, bank=Bank(cardExpire=02/26, cardNumber=7262597174206766, cardType=Diners Club International, currency=SEK, iban=7N3JP8KN9AUNXOWRQGAU2JX6), company=Company(department=Services, name=Gerlach, Funk and Schoen, title=Sales Manager, address=Address(address=1651 Lincoln Street, city=San Francisco, state=West Virginia, stateCode=WV, postalCode=61805, coordinates=Coordinates(lat=-59.936337, lng=-12.405368), country=United States)), ein=118-957, ssn=925-686-100, userAgent=Mozilla/5.0 (Windows NT 10.0; Win64; x64) AppleWebKit/537.36 (KHTML, like Gecko) Chrome/96.0.4664.93 Safari/537.36, crypto=Crypto(coin=Bitcoin, wallet=0xb9fc2fe63b2a6c003f1c324c3bfa53259162181a, network=Ethereum (ERC20)), role=user), User(id=30, firstName=Addison, lastName=Wright, maidenName=, age=32, gender=female, email=addison.wright@x.dummyjson.com, phone=+1 514-384-3300, username=addisonw, password=addisonwpass, birthDate=1992-1-3, image=https://dummyjson.com/icon/addisonw/128, bloodGroup=B+, height=179, weight=76, eyeColor=Brown, hair=Hair(color=Blonde, type=Straight), ip=11.35.69.81, address=Address(address=568 Tenth Street, city=San Francisco, state=Montana, stateCode=MT, postalCode=54698, coordinates=Coordinates(lat=20.946053, lng=100.22882), country=United States), macAddress=fb:0:94:21:16:c, university=Syracuse University, bank=Bank(cardExpire=05/28, cardNumber=3756638438861539, cardType=Carte Bancaire, currency=JPY, iban=OOPQTNZ74OLPKVT7TGB89UQL), company=Company(department=Services, name=Kreiger Inc, title=Human Resources Manager, address=Address(address=1173 Eighth Street, city=San Diego, state=Michigan, stateCode=MI, postalCode=85777, coordinates=Coordinates(lat=65.32441, lng=87.14289), country=United States)), ein=415-286, ssn=804-492-390, userAgent=Mozilla/5.0 (Macintosh; Intel Mac OS X 10_15_7) AppleWebKit/537.36 (KHTML, like Gecko) Chrome/96.0.4664.93 Safari/537.36, crypto=Crypto(coin=Bitcoin, wallet=0xb9fc2fe63b2a6c003f1c324c3bfa53259162181a, network=Ethereum (ERC20)), role=user)]
Users loaded successfully into H2 Database.
]]></system-out>
  </testcase>
  <testcase name="testFindUserByIdOrSsn_BySsn" classname="OrchestrationBackend.Orchestration_Backend.Services.UserServiceTest" time="0.059"/>
  <testcase name="testGetUsersByRole" classname="OrchestrationBackend.Orchestration_Backend.Services.UserServiceTest" time="0.079"/>
  <testcase name="testGetUsersSortedByAge_Ascending" classname="OrchestrationBackend.Orchestration_Backend.Services.UserServiceTest" time="0.054"/>
  <testcase name="testGetUsersByRole_WhenNoUsersFound" classname="OrchestrationBackend.Orchestration_Backend.Services.UserServiceTest" time="0.116"/>
</testsuite>